------------------------------------
Packing timestamp: 2021-05-02 22:25:42
OMT plugin version: null
User ID: "souto"
Project name: [C:\Users\souto\Sync\Trainings\omegat-asetrad\03_proyectos\01_handson_walkthrough]
Package name: [C:\Users\souto\Sync\Trainings\omegat-asetrad\03_proyectos\01_handson_walkthrough.omt]
createEmptyFile	[dictionary\.empty]
addZipDir	file	[glossary\glossary.txt]
addZipDir	file	[omegat\filters.xml]
addZipDir	file	[omegat\ignored_words.txt]
addZipDir	file	[omegat\last_entry.properties]
addZipDir	file	[omegat\learned_words.txt]
addZipDir	file	[omegat\okf_markdown@asetrad.fprm]
addZipDir	file	[omegat\okf_openxml@asetrad.fprm]
Exclude entry [omegat/omt-packer.log] from regex [omt-packer\.log$]
addZipDir	file	[omegat\project_save.tmx]
addZipDir	file	[omegat\project_save.tmx.202105021858.bak]
addZipDir	file	[omegat\project_save.tmx.202105022222.bak]
addZipDir	file	[omegat\project_save.tmx.202105022224.bak]
addZipDir	file	[omegat\project_save.tmx.bak]
addZipDir	file	[omegat\project_stats.txt]
addZipDir	project	[omegat.project]
addZipDir	file	[script_output\09_tra_vacíos.docx.html]
addZipDir	file	[source\01_tra_moverse.md]
addZipDir	file	[source\02_tra_reabrir-proyecto.md]
addZipDir	file	[source\03_tra_confirmar.md]
addZipDir	file	[source\04_tra_edición.md]
addZipDir	file	[source\05_tra_estadísticas.md]
addZipDir	file	[source\06_tra_exportar.md]
addZipDir	file	[source\07_tra_archivos.md]
addZipDir	file	[source\08_tra_propiedades-seg.md]
addZipDir	file	[source\09_tra_repeticiones.md]
addZipDir	file	[source\10_tra_únicos.md]
addZipDir	file	[source\11_tra_idénticos.md]
addZipDir	file	[source\12_tra_vacíos.docx]
addZipDir	file	[source\13_tra_glosario.md]
addZipDir	file	[source\14_tra_etiquetas.md]
addZipDir	file	[source\15_tra_coincidencias.md]
addZipDir	file	[source\16_tra_buscar.md]
addZipDir	file	[source\20_rev_revisión.md]
addZipDir	file	[source\21_rev_repeticiones.md]
addZipDir	file	[source\22_rev_alternativas.md]
addZipDir	file	[source\23_rev_calidad.md]
addZipDir	file	[source\24_tra_entrega.md]
Exclude entry [target/01_tra_moverse.md] from regex [^target/.+\..+]
Exclude entry [target/02_tra_reabrir-proyecto.md] from regex [^target/.+\..+]
Exclude entry [target/03_tra_confirmar.md] from regex [^target/.+\..+]
Exclude entry [target/04_tra_edición.md] from regex [^target/.+\..+]
Exclude entry [target/05_tra_estadísticas.md] from regex [^target/.+\..+]
Exclude entry [target/06_tra_exportar.md] from regex [^target/.+\..+]
Exclude entry [target/07_tra_archivos.md] from regex [^target/.+\..+]
Exclude entry [target/08_tra_propiedades-seg.md] from regex [^target/.+\..+]
Exclude entry [target/09_tra_repeticiones.md] from regex [^target/.+\..+]
Exclude entry [target/10_tra_únicos.md] from regex [^target/.+\..+]
Exclude entry [target/11_tra_idénticos.md] from regex [^target/.+\..+]
Exclude entry [target/12_tra_vacíos.docx] from regex [^target/.+\..+]
Exclude entry [target/13_tra_glosario.md] from regex [^target/.+\..+]
Exclude entry [target/14_tra_etiquetas.md] from regex [^target/.+\..+]
Exclude entry [target/15_tra_coincidencias.md] from regex [^target/.+\..+]
Exclude entry [target/16_tra_buscar.md] from regex [^target/.+\..+]
Exclude entry [target/20_rev_revisión.md] from regex [^target/.+\..+]
Exclude entry [target/21_rev_repeticiones.md] from regex [^target/.+\..+]
Exclude entry [target/22_rev_alternativas.md] from regex [^target/.+\..+]
Exclude entry [target/23_rev_calidad.md] from regex [^target/.+\..+]
Exclude entry [target/24_tra_entrega.md] from regex [^target/.+\..+]
createEmptyFile	[target\.empty]
addZipDir	file	[tm\auto\entrega.tmx]
addZipDir	file	[tm\auto\memoria-externa-2.tmx]
addZipDir	file	[tm\enforce\memoria-externa-3.tmx]
addZipDir	file	[tm\memoria-externa-1.tmx]
addZipDir	file	[tm\memoria-externa-4.tmx]
Added 41 files to the Zip.
------------------------------------
Packing timestamp: 2021-05-04 01:43:42
OMT plugin version: null
User ID: "souto"
Project name: [C:\Users\souto\Sync\Trainings\omegat-asetrad\03_proyectos\01_handson_walkthrough]
Package name: [C:\Users\souto\Sync\Trainings\omegat-asetrad\04_paquetes\01_handson_walkthrough.omt]
createEmptyFile	[dictionary\.empty]
addZipDir	file	[glossary\glossary.txt]
addZipDir	file	[omegat\filters.xml]
addZipDir	file	[omegat\ignored_words.txt]
addZipDir	file	[omegat\last_entry.properties]
addZipDir	file	[omegat\learned_words.txt]
addZipDir	file	[omegat\okf_markdown@asetrad.fprm]
addZipDir	file	[omegat\okf_openxml@asetrad.fprm]
Exclude entry [omegat/omt-packer.log] from regex [omt-packer\.log$]
addZipDir	file	[omegat\project_save.tmx]
addZipDir	file	[omegat\project_save.tmx.202105022224.bak]
addZipDir	file	[omegat\project_save.tmx.202105040137.bak]
addZipDir	file	[omegat\project_stats.txt]
addZipDir	project	[omegat.project]
addZipDir	file	[script_output\09_tra_vacíos.docx.html]
addZipDir	file	[source\01_tra_moverse.md]
addZipDir	file	[source\02_tra_reabrir-proyecto.md]
addZipDir	file	[source\03_tra_confirmar.md]
addZipDir	file	[source\04_tra_edición.md]
addZipDir	file	[source\05_tra_estadísticas.md]
addZipDir	file	[source\06_tra_exportar.md]
addZipDir	file	[source\07_tra_archivos.md]
addZipDir	file	[source\08_tra_propiedades-seg.md]
addZipDir	file	[source\09_tra_repeticiones.md]
addZipDir	file	[source\10_tra_únicos.md]
addZipDir	file	[source\11_tra_idénticos.md]
addZipDir	file	[source\12_tra_vacíos.docx]
addZipDir	file	[source\13_tra_glosario.md]
addZipDir	file	[source\14_tra_etiquetas.md]
addZipDir	file	[source\15_tra_coincidencias.md]
addZipDir	file	[source\16_tra_buscar.md]
addZipDir	file	[source\20_rev_revisión.md]
addZipDir	file	[source\21_rev_repeticiones.md]
addZipDir	file	[source\22_rev_alternativas.md]
addZipDir	file	[source\23_rev_calidad.md]
addZipDir	file	[source\24_tra_entrega.md]
createEmptyFile	[target\.empty]
addZipDir	file	[tm\auto\entrega.tmx]
addZipDir	file	[tm\auto\memoria-externa-2.tmx]
addZipDir	file	[tm\enforce\memoria-externa-3.tmx]
addZipDir	file	[tm\memoria-externa-1.tmx]
addZipDir	file	[tm\memoria-externa-4.tmx]
Added 39 files to the Zip.
------------------------------------
Packing timestamp: 2021-05-04 14:59:49
OMT plugin version: null
User ID: "souto"
Project name: [C:\Users\souto\Sync\Trainings\omegat-asetrad\03_proyectos\01_handson_walkthrough]
Package name: [C:\Users\souto\Sync\Trainings\omegat-asetrad\04_paquetes\01_handson_walkthrough.omt]
addZipDir	file	[dictionary\.empty]
addZipDir	file	[glossary\glossary.txt]
addZipDir	file	[omegat\filters.xml]
addZipDir	file	[omegat\ignored_words.txt]
addZipDir	file	[omegat\last_entry.properties]
addZipDir	file	[omegat\learned_words.txt]
addZipDir	file	[omegat\okf_markdown@asetrad.fprm]
addZipDir	file	[omegat\okf_openxml@asetrad.fprm]
Exclude entry [omegat/omt-packer.log] from regex [omt-packer\.log$]
addZipDir	file	[omegat\project_save.tmx]
addZipDir	file	[omegat\project_save.tmx.202105022224.bak]
addZipDir	file	[omegat\project_save.tmx.202105040137.bak]
addZipDir	file	[omegat\project_save.tmx.202105040224.bak]
addZipDir	file	[omegat\project_save.tmx.202105041452.bak]
addZipDir	file	[omegat\project_save.tmx.bak]
addZipDir	file	[omegat\project_stats.txt]
addZipDir	project	[omegat.project]
addZipDir	file	[script_output\09_tra_vacíos.docx.html]
addZipDir	file	[source\01_tra_moverse.md]
addZipDir	file	[source\02_tra_reabrir-proyecto.md]
addZipDir	file	[source\03_tra_confirmar.md]
addZipDir	file	[source\04_tra_edición.md]
addZipDir	file	[source\05_tra_estadísticas.md]
addZipDir	file	[source\06_tra_exportar.md]
addZipDir	file	[source\07_tra_archivos.md]
addZipDir	file	[source\08_tra_propiedades-seg.md]
addZipDir	file	[source\09_tra_repeticiones.md]
addZipDir	file	[source\10_tra_únicos.md]
addZipDir	file	[source\11_tra_idénticos.md]
addZipDir	file	[source\12_tra_vacíos.docx]
addZipDir	file	[source\13_tra_glosario.md]
addZipDir	file	[source\14_tra_etiquetas.md]
addZipDir	file	[source\15_tra_coincidencias.md]
addZipDir	file	[source\16_tra_buscar.md]
addZipDir	file	[source\20_rev_revisión.md]
addZipDir	file	[source\21_rev_repeticiones.md]
addZipDir	file	[source\22_rev_alternativas.md]
addZipDir	file	[source\23_rev_calidad.md]
addZipDir	file	[source\24_tra_entrega.md]
addZipDir	file	[target\.empty]
addZipDir	file	[tm\auto\entrega.tmx]
addZipDir	file	[tm\auto\memoria-externa-2.tmx]
addZipDir	file	[tm\enforce\memoria-externa-3.tmx]
addZipDir	file	[tm\memoria-externa-1.tmx]
addZipDir	file	[tm\memoria-externa-4.tmx]
Added 44 files to the Zip.
