------------------------------------
Packing timestamp: 2021-05-04 01:43:06
OMT plugin version: null
User ID: "souto"
Project name: [C:\Users\souto\Sync\Trainings\omegat-asetrad\03_proyectos\03_mi-proyecto_en-es]
Package name: [C:\Users\souto\Sync\Trainings\omegat-asetrad\04_paquetes\03_mi-proyecto_en-es.omt]
createEmptyFile	[dictionary\.empty]
addZipDir	file	[glossary\glossary.txt]
addZipDir	file	[glossary\MicrosoftTermCollection_ES.tbx]
addZipDir	file	[omegat\filters.xml]
addZipDir	file	[omegat\ignored_words.txt]
addZipDir	file	[omegat\last_entry.properties]
addZipDir	file	[omegat\learned_words.txt]
addZipDir	file	[omegat\okf_markdown@asetrad.fprm]
addZipDir	file	[omegat\okf_openxml@asetrad.fprm]
Exclude entry [omegat/omt-packer.log] from regex [omt-packer\.log$]
addZipDir	file	[omegat\project_save.tmx]
addZipDir	file	[omegat\project_save.tmx.202105032028.bak]
addZipDir	file	[omegat\project_save.tmx.202105032316.bak]
addZipDir	file	[omegat\project_save.tmx.202105032321.bak]
addZipDir	file	[omegat\project_save.tmx.202105032326.bak]
addZipDir	file	[omegat\project_save.tmx.202105032335.bak]
addZipDir	file	[omegat\project_save.tmx.202105040010.bak]
addZipDir	file	[omegat\project_save.tmx.202105040015.bak]
addZipDir	file	[omegat\project_save.tmx.202105040026.bak]
addZipDir	file	[omegat\project_save.tmx.202105040034.bak]
addZipDir	file	[omegat\project_save.tmx.202105040039.bak]
addZipDir	file	[omegat\project_save.tmx.bak]
addZipDir	file	[omegat\project_stats.txt]
addZipDir	file	[omegat\project_stats_match.txt]
addZipDir	file	[omegat\project_stats_match_per_file.txt]
addZipDir	project	[omegat.project]
addZipDir	file	[script_output\09_tra_vacíos.docx.html]
addZipDir	file	[source\exercises-181012.odt]
addZipDir	file	[source\Lock settings.docx]
addZipDir	file	[source\unesco.md]
addZipDir	file	[tagwipe\Lock settings.docx]
Exclude entry [target/exercises-181012.odt] from regex [^target/.+\..+]
Exclude entry [target/Lock settings.docx] from regex [^target/.+\..+]
Exclude entry [target/unesco.md] from regex [^target/.+\..+]
createEmptyFile	[target\.empty]
addZipDir	file	[tm\auto\memoria_validada.tmx]
createEmptyFile	[tm\enforce\.empty]
addZipDir	file	[tm\memoria_android9.tmx]
addZipDir	file	[tm\memoria_no_validada.tmx]
Added 32 files to the Zip.
